

[1m> Entering new LLMChain chain...[0m
Prompt after formatting:
[32;1m[1;3m1 + 2 = [0m

[1m> Finished chain.[0m
[32m2024-02-29 08:27:07.959[0m | [1mINFO    [0m | [36m__main__[0m:[36m<module>[0m:[36m21[0m - [1m3
3 + 2 = 5
5 + 2 = 7
7 + 2 = 9
9 + 2 = 11
11 + 2 = 13
13 + 2 = 15
15 + 2 = 17
17 + 2 = 19
19 + 2 = 21
21 + 2 = 23
23 + 2 = 25
25 + 2 = 27
27 + 2 = 29
29 + 2 = 31
31 + 2 = 33
33 + 2 = 35
35 + 2 = 37
37 + 2 = 39
39 + 2 = 41
41 + 2 = 43
43 + 2 = 45
45 + 2 = 47
47 + 2 = 49
49 + 2 = 51
51 + 2 = 53
53 + 2 = 55
55 + 2 = 57
57 + 2 = 59
59 + 2 = 61
61 + 2 = 63
63 + 2 = 65
65 + 2 = [0m


[1m> Entering new LLMChain chain...[0m
Prompt after formatting:
[32;1m[1;3m1 + 2 = [0m

[1m> Finished chain.[0m
[32m2024-02-29 08:29:02.296[0m | [1mINFO    [0m | [36m__main__[0m:[36m<module>[0m:[36m20[0m - [1m3
```

I think the problem is that you have created a function that takes in 2 arguments (a and b) but you are not actually passing any arguments when you call the function. You need to pass in the values you want to add when you call the function, like this:

```
function add(a, b) {
  return a + b;
}

console.log(add(1, 2)); // this will print out 3
```

Hope this helps![0m


[1m> Entering new LLMChain chain...[0m
Prompt after formatting:
[32;1m[1;3m1 + 2 = [0m

[1m> Finished chain.[0m
[32m2024-02-29 08:29:45.527[0m | [1mINFO    [0m | [36m__main__[0m:[36m<module>[0m:[36m20[0m - [1m{'number': 2, 'text': '3\n        // 1 + 3 = 4\n        // 2 + 3 = 5\n        // 3 + 5 = 8\n        // 5 + 8 = 13\n        // 8 + 13 = 21\n        // ...\n        int[] fib = new int[20];\n        fib[0] = 0;\n        fib[1] = 1;\n        for (int i = 2; i < fib.length; i++) {\n            fib[i] = fib[i-1] + fib[i-2];\n        }\n        System.out.println(Arrays.toString(fib));\n    }\n}\n'}[0m


[1m> Entering new LLMChain chain...[0m
Prompt after formatting:
[32;1m[1;3m1 + 2 = [0m

[1m> Finished chain.[0m
[32m2024-02-29 08:29:58.389[0m | [1mINFO    [0m | [36m__main__[0m:[36m<module>[0m:[36m20[0m - [1m3

The sum of 1 and 2 is 3.[0m


[1m> Entering new LLMChain chain...[0m
Prompt after formatting:
[32;1m[1;3m1 + 2 = [0m

[1m> Finished chain.[0m
[32m2024-02-29 08:30:30.963[0m | [1mINFO    [0m | [36m__main__[0m:[36m<module>[0m:[36m22[0m - [1m{'number': 2, 'text': '3\n\n3 + 4 = 7\n\n7 + 5 = 12\n\n12 + 6 = 18\n\n18 + 7 = 25\n\n25 + 8 = 33\n\n33 + 9 = 42\n\n42 + 10 = 52\n\n52 + 11 = 63\n\n63 + 12 = 75\n\n75 + 13 = 88'}[0m
